[1740084852] Starting Hartree-Fock calculation...
[1740084852] Iteration 0: E = -117.839710, RMSD = 2.550261
[1740084852] Iteration 1: E = -70.284216, RMSD = 1.826673
[1740084852] Iteration 2: E = -76.045949, RMSD = 0.479570
[1740084852] Iteration 3: E = -74.714599, RMSD = 0.086832
[1740084852] Iteration 4: E = -74.984774, RMSD = 0.031026
[1740084852] Iteration 5: E = -74.935766, RMSD = 0.010799
[1740084852] Iteration 6: E = -74.943904, RMSD = 0.005255
[1740084852] Iteration 7: E = -74.942120, RMSD = 0.002439
[1740084852] Iteration 8: E = -74.942250, RMSD = 0.001177
[1740084852] Iteration 9: E = -74.942136, RMSD = 0.000565
[1740084852] Iteration 10: E = -74.942112, RMSD = 0.000272
[1740084852] Iteration 11: E = -74.942095, RMSD = 0.000131
[1740084852] Iteration 12: E = -74.942087, RMSD = 0.000063
[1740084852] Iteration 13: E = -74.942083, RMSD = 0.000031
[1740084852] Iteration 14: E = -74.942082, RMSD = 0.000015
[1740084852] Iteration 15: E = -74.942081, RMSD = 0.000007
[1740084852] Iteration 16: E = -74.942080, RMSD = 0.000003
[1740084852] Iteration 17: E = -74.942080, RMSD = 0.000002
[1740084852] Iteration 18: E = -74.942080, RMSD = 0.000001
[1740084852] Iteration 19: E = -74.942080, RMSD = 0.000000
[1740084852] Iteration 20: E = -74.942080, RMSD = 0.000000
[1740084852] Iteration 21: E = -74.942080, RMSD = 0.000000
[1740084852] Iteration 22: E = -74.942080, RMSD = 0.000000
[1740084852] Iteration 23: E = -74.942080, RMSD = 0.000000
[1740084852] Iteration 24: E = -74.942080, RMSD = 0.000000
[1740084852] Iteration 25: E = -74.942080, RMSD = 0.000000
[1740084852] Iteration 26: E = -74.942080, RMSD = 0.000000
[1740084852] Iteration 27: E = -74.942080, RMSD = 0.000000
[1740084852] Iteration 28: E = -74.942080, RMSD = 0.000000
[1740084852] Iteration 29: E = -74.942080, RMSD = 0.000000
[1740084852] Iteration 30: E = -74.942080, RMSD = 0.000000
[1740084852] Iteration 31: E = -74.942080, RMSD = 0.000000
[1740084852] Iteration 32: E = -74.942080, RMSD = 0.000000
[1740084852] Iteration 33: E = -74.942080, RMSD = 0.000000
[1740084852] Iteration 34: E = -74.942080, RMSD = 0.000000
[1740084852] Iteration 35: E = -74.942080, RMSD = 0.000000
[1740084852] Iteration 36: E = -74.942080, RMSD = 0.000000
[1740084852] Iteration 37: E = -74.942080, RMSD = 0.000000
[1740084852] SCF Converged! Final Energy: -74.942080
[1740084852] MP2 Correction: 0.000000
[1740084852] Total Energy with MP2: -74.942080
